<?xml version="1.0" encoding="UTF-8"?>
<!-- Generated by org.testng.reporters.JUnitReportReporter -->
<testsuite hostname="pran" failures="0" tests="4" name="api.test.UserTests" time="10.013" errors="0" timestamp="2024-03-11T17:26:04 IST" skipped="0">
  <testcase classname="api.test.UserTests" name="testPostUser" time="3.627"/>
  <testcase classname="api.test.UserTests" name="testGetUserByName" time="1.602"/>
  <testcase classname="api.test.UserTests" name="testUpdateUserByName" time="3.321"/>
  <testcase classname="api.test.UserTests" name="deleteUserByName" time="1.463"/>
</testsuite> <!-- api.test.UserTests -->
