<?xml version="1.0" encoding="UTF-8"?>
<!-- Generated by org.testng.reporters.JUnitReportReporter -->
<testsuite hostname="pran" failures="0" tests="6" name="api.test.DDTests" time="12.667" errors="0" timestamp="2024-03-11T17:01:54 IST" skipped="0">
  <testcase classname="api.test.DDTests" name="testPostUser" time="4.004"/>
  <testcase classname="api.test.DDTests" name="testPostUser" time="1.536"/>
  <testcase classname="api.test.DDTests" name="testPostUser" time="1.780"/>
  <testcase classname="api.test.DDTests" name="testDeleteUserByName" time="1.498"/>
  <testcase classname="api.test.DDTests" name="testDeleteUserByName" time="1.616"/>
  <testcase classname="api.test.DDTests" name="testDeleteUserByName" time="2.233"/>
</testsuite> <!-- api.test.DDTests -->
