<?xml version="1.0" encoding="UTF-8"?>
<!-- Generated by org.testng.reporters.JUnitReportReporter -->
<testsuite hostname="pran" failures="0" tests="4" name="api.test.UserTests2" time="9.673" errors="0" timestamp="2024-03-11T22:01:29 IST" skipped="0">
  <testcase classname="api.test.UserTests2" name="testPostUser" time="3.613"/>
  <testcase classname="api.test.UserTests2" name="testGetUserByName" time="1.562"/>
  <testcase classname="api.test.UserTests2" name="testUpdateUserByName" time="2.965"/>
  <testcase classname="api.test.UserTests2" name="deleteUserByName" time="1.533"/>
</testsuite> <!-- api.test.UserTests2 -->
