<?xml version="1.0" encoding="UTF-8"?>
<!-- Generated by org.testng.reporters.JUnitReportReporter -->
<testsuite hostname="pran" failures="0" tests="4" name="api.test.UserTests" time="9.866" errors="0" timestamp="2024-03-11T22:40:23 IST" skipped="0">
  <testcase classname="api.test.UserTests" name="testPostUser" time="3.888"/>
  <testcase classname="api.test.UserTests" name="testGetUserByName" time="1.597"/>
  <testcase classname="api.test.UserTests" name="testUpdateUserByName" time="2.979"/>
  <testcase classname="api.test.UserTests" name="deleteUserByName" time="1.402"/>
</testsuite> <!-- api.test.UserTests -->
