<?xml version="1.0" encoding="UTF-8"?>
<!-- Generated by org.testng.reporters.JUnitReportReporter -->
<testsuite hostname="pran" failures="0" tests="6" name="api.test.DDTests" time="8.683" errors="0" timestamp="2024-03-11T22:40:23 IST" skipped="0">
  <testcase classname="api.test.DDTests" name="testPostUser" time="1.469"/>
  <testcase classname="api.test.DDTests" name="testPostUser" time="1.478"/>
  <testcase classname="api.test.DDTests" name="testPostUser" time="1.637"/>
  <testcase classname="api.test.DDTests" name="testDeleteUserByName" time="1.342"/>
  <testcase classname="api.test.DDTests" name="testDeleteUserByName" time="1.329"/>
  <testcase classname="api.test.DDTests" name="testDeleteUserByName" time="1.428"/>
</testsuite> <!-- api.test.DDTests -->
